execve("./a.out", ["./a.out", "-n", "10000000", "-t", "6"], 0xfffff6fdcb80 /* 27 vars */) = 0
brk(NULL)                               = 0xaaaac42d6000
mmap(NULL, 8192, PROT_READ|PROT_WRITE, MAP_PRIVATE|MAP_ANONYMOUS, -1, 0) = 0xffff93dbd000
faccessat(AT_FDCWD, "/etc/ld.so.preload", R_OK) = -1 ENOENT (No such file or directory)
openat(AT_FDCWD, "/etc/ld.so.cache", O_RDONLY|O_CLOEXEC) = 3
newfstatat(3, "", {st_mode=S_IFREG|0644, st_size=12988, ...}, AT_EMPTY_PATH) = 0
mmap(NULL, 12988, PROT_READ, MAP_PRIVATE, 3, 0) = 0xffff93db9000
close(3)                                = 0
openat(AT_FDCWD, "/lib/aarch64-linux-gnu/libc.so.6", O_RDONLY|O_CLOEXEC) = 3
read(3, "\177ELF\2\1\1\3\0\0\0\0\0\0\0\0\3\0\267\0\1\0\0\0\360u\2\0\0\0\0\0"..., 832) = 832
newfstatat(3, "", {st_mode=S_IFREG|0755, st_size=1661968, ...}, AT_EMPTY_PATH) = 0
mmap(NULL, 1830504, PROT_NONE, MAP_PRIVATE|MAP_ANONYMOUS, -1, 0) = 0xffff93bca000
mmap(0xffff93bd0000, 1764968, PROT_READ|PROT_EXEC, MAP_PRIVATE|MAP_FIXED|MAP_DENYWRITE, 3, 0) = 0xffff93bd0000
munmap(0xffff93bca000, 24576)           = 0
munmap(0xffff93d7f000, 40552)           = 0
mprotect(0xffff93d5e000, 61440, PROT_NONE) = 0
mmap(0xffff93d6d000, 24576, PROT_READ|PROT_WRITE, MAP_PRIVATE|MAP_FIXED|MAP_DENYWRITE, 3, 0x18d000) = 0xffff93d6d000
mmap(0xffff93d73000, 48744, PROT_READ|PROT_WRITE, MAP_PRIVATE|MAP_FIXED|MAP_ANONYMOUS, -1, 0) = 0xffff93d73000
close(3)                                = 0
set_tid_address(0xffff93dbdf50)         = 4889
set_robust_list(0xffff93dbdf60, 24)     = 0
rseq(0xffff93dbe620, 0x20, 0, 0xd428bc00) = 0
mprotect(0xffff93d6d000, 16384, PROT_READ) = 0
mprotect(0xaaaac3ce2000, 4096, PROT_READ) = 0
mprotect(0xffff93dc3000, 8192, PROT_READ) = 0
prlimit64(0, RLIMIT_STACK, NULL, {rlim_cur=8192*1024, rlim_max=RLIM64_INFINITY}) = 0
munmap(0xffff93db9000, 12988)           = 0
getrandom("\xcf\x9b\x5c\x69\xfd\x96\xc9\xa6", 8, GRND_NONBLOCK) = 8
brk(NULL)                               = 0xaaaac42d6000
brk(0xaaaac42f7000)                     = 0xaaaac42f7000
mmap(NULL, 40001536, PROT_READ|PROT_WRITE, MAP_PRIVATE|MAP_ANONYMOUS, -1, 0) = 0xffff915aa000
mremap(0xffff915aa000, 40001536, 67112960, MREMAP_MAYMOVE) = 0xffff8d5a9000
newfstatat(1, "", {st_mode=S_IFCHR|0620, st_rdev=makedev(0x88, 0), ...}, AT_EMPTY_PATH) = 0
write(1, "\320\240\320\260\320\267\320\274\320\265\321\200 \320\274\320\260\321\201\321\201\320\270\320\262\320\260 \321\203\320\262"..., 132) = 132
mmap(NULL, 67112960, PROT_READ|PROT_WRITE, MAP_PRIVATE|MAP_ANONYMOUS, -1, 0) = 0xffff895a8000
mmap(NULL, 67112960, PROT_READ|PROT_WRITE, MAP_PRIVATE|MAP_ANONYMOUS, -1, 0) = 0xffff855a7000
write(1, "\320\237\320\276\321\201\320\273\320\265\320\264\320\276\320\262\320\260\321\202\320\265\320\273\321\214\320\275\320\260\321\217"..., 63) = 63
rt_sigaction(SIGRT_1, {sa_handler=0xffff93c4d480, sa_mask=[], sa_flags=SA_ONSTACK|SA_RESTART|SA_SIGINFO}, NULL, 8) = 0
rt_sigprocmask(SIG_UNBLOCK, [RTMIN RT_1], NULL, 8) = 0
mmap(NULL, 8454144, PROT_NONE, MAP_PRIVATE|MAP_ANONYMOUS|MAP_STACK, -1, 0) = 0xffff933c0000
mprotect(0xffff933d0000, 8388608, PROT_READ|PROT_WRITE) = 0
rt_sigprocmask(SIG_BLOCK, ~[], [], 8)   = 0
clone(child_stack=0xffff93bce960, flags=CLONE_VM|CLONE_FS|CLONE_FILES|CLONE_SIGHAND|CLONE_THREAD|CLONE_SYSVSEM|CLONE_SETTLS|CLONE_PARENT_SETTID|CLONE_CHILD_CLEARTID, parent_tid=[4948], tls=0xffff93bcf8e0, child_tidptr=0xffff93bcf1f0) = 4948
rt_sigprocmask(SIG_SETMASK, [], NULL, 8) = 0
mmap(NULL, 8454144, PROT_NONE, MAP_PRIVATE|MAP_ANONYMOUS|MAP_STACK, -1, 0) = 0xffff92bb0000
mprotect(0xffff92bc0000, 8388608, PROT_READ|PROT_WRITE) = 0
rt_sigprocmask(SIG_BLOCK, ~[], [], 8)   = 0
clone(child_stack=0xffff933be960, flags=CLONE_VM|CLONE_FS|CLONE_FILES|CLONE_SIGHAND|CLONE_THREAD|CLONE_SYSVSEM|CLONE_SETTLS|CLONE_PARENT_SETTID|CLONE_CHILD_CLEARTID, parent_tid=[4949], tls=0xffff933bf8e0, child_tidptr=0xffff933bf1f0) = 4949
rt_sigprocmask(SIG_SETMASK, [], NULL, 8) = 0
mmap(NULL, 8454144, PROT_NONE, MAP_PRIVATE|MAP_ANONYMOUS|MAP_STACK, -1, 0) = 0xffff923a0000
mprotect(0xffff923b0000, 8388608, PROT_READ|PROT_WRITE) = 0
rt_sigprocmask(SIG_BLOCK, ~[], [], 8)   = 0
clone(child_stack=0xffff92bae960, flags=CLONE_VM|CLONE_FS|CLONE_FILES|CLONE_SIGHAND|CLONE_THREAD|CLONE_SYSVSEM|CLONE_SETTLS|CLONE_PARENT_SETTID|CLONE_CHILD_CLEARTID, parent_tid=[4950], tls=0xffff92baf8e0, child_tidptr=0xffff92baf1f0) = 4950
rt_sigprocmask(SIG_SETMASK, [], NULL, 8) = 0
mmap(NULL, 8454144, PROT_NONE, MAP_PRIVATE|MAP_ANONYMOUS|MAP_STACK, -1, 0) = 0xffff91b90000
mprotect(0xffff91ba0000, 8388608, PROT_READ|PROT_WRITE) = 0
rt_sigprocmask(SIG_BLOCK, ~[], [], 8)   = 0
clone(child_stack=0xffff9239e960, flags=CLONE_VM|CLONE_FS|CLONE_FILES|CLONE_SIGHAND|CLONE_THREAD|CLONE_SYSVSEM|CLONE_SETTLS|CLONE_PARENT_SETTID|CLONE_CHILD_CLEARTID, parent_tid=[4951], tls=0xffff9239f8e0, child_tidptr=0xffff9239f1f0) = 4951
rt_sigprocmask(SIG_SETMASK, [], NULL, 8) = 0
mmap(NULL, 8454144, PROT_NONE, MAP_PRIVATE|MAP_ANONYMOUS|MAP_STACK, -1, 0) = 0xffff84d97000
mprotect(0xffff84da7000, 8388608, PROT_READ|PROT_WRITE) = 0
rt_sigprocmask(SIG_BLOCK, ~[], [], 8)   = 0
clone(child_stack=0xffff855a5960, flags=CLONE_VM|CLONE_FS|CLONE_FILES|CLONE_SIGHAND|CLONE_THREAD|CLONE_SYSVSEM|CLONE_SETTLS|CLONE_PARENT_SETTID|CLONE_CHILD_CLEARTID, parent_tid=[4952], tls=0xffff855a68e0, child_tidptr=0xffff855a61f0) = 4952
rt_sigprocmask(SIG_SETMASK, [], NULL, 8) = 0
mmap(NULL, 8454144, PROT_NONE, MAP_PRIVATE|MAP_ANONYMOUS|MAP_STACK, -1, 0) = 0xffff84587000
mprotect(0xffff84597000, 8388608, PROT_READ|PROT_WRITE) = 0
rt_sigprocmask(SIG_BLOCK, ~[], [], 8)   = 0
clone(child_stack=0xffff84d95960, flags=CLONE_VM|CLONE_FS|CLONE_FILES|CLONE_SIGHAND|CLONE_THREAD|CLONE_SYSVSEM|CLONE_SETTLS|CLONE_PARENT_SETTID|CLONE_CHILD_CLEARTID, parent_tid=[4953], tls=0xffff84d968e0, child_tidptr=0xffff84d961f0) = 4953
rt_sigprocmask(SIG_SETMASK, [], NULL, 8) = 0
futex(0xffff93bcf1f0, FUTEX_WAIT_BITSET|FUTEX_CLOCK_REALTIME, 4948, NULL, FUTEX_BITSET_MATCH_ANY) = 0
munmap(0xffff933c0000, 8454144)         = 0
munmap(0xffff92bb0000, 8454144)         = 0
write(1, "\320\237\320\260\321\200\320\260\320\273\320\273\320\265\320\273\321\214\320\275\320\260\321\217 \320\262\320\265\321\200\321"..., 55) = 55
write(1, "\320\243\321\201\320\272\320\276\321\200\320\265\320\275\320\270\320\265: 2.791 | \320\255\321\204"..., 62) = 62
munmap(0xffff8d5a9000, 67112960)        = 0
munmap(0xffff895a8000, 67112960)        = 0
munmap(0xffff855a7000, 67112960)        = 0
exit_group(0)                           = ?
+++ exited with 0 +++
