execve("./a.out", ["./a.out"], 0xffffc49fc400 /* 27 vars */) = 0
brk(NULL)                               = 0xaaaad7740000
mmap(NULL, 8192, PROT_READ|PROT_WRITE, MAP_PRIVATE|MAP_ANONYMOUS, -1, 0) = 0xffffa2cf0000
faccessat(AT_FDCWD, "/etc/ld.so.preload", R_OK) = -1 ENOENT (No such file or directory)
openat(AT_FDCWD, "/etc/ld.so.cache", O_RDONLY|O_CLOEXEC) = 3
newfstatat(3, "", {st_mode=S_IFREG|0644, st_size=12988, ...}, AT_EMPTY_PATH) = 0
mmap(NULL, 12988, PROT_READ, MAP_PRIVATE, 3, 0) = 0xffffa2cec000
close(3)                                = 0
openat(AT_FDCWD, "/lib/aarch64-linux-gnu/libc.so.6", O_RDONLY|O_CLOEXEC) = 3
read(3, "\177ELF\2\1\1\3\0\0\0\0\0\0\0\0\3\0\267\0\1\0\0\0\360u\2\0\0\0\0\0"..., 832) = 832
newfstatat(3, "", {st_mode=S_IFREG|0755, st_size=1661968, ...}, AT_EMPTY_PATH) = 0
mmap(NULL, 1830504, PROT_NONE, MAP_PRIVATE|MAP_ANONYMOUS, -1, 0) = 0xffffa2afd000
mmap(0xffffa2b00000, 1764968, PROT_READ|PROT_EXEC, MAP_PRIVATE|MAP_FIXED|MAP_DENYWRITE, 3, 0) = 0xffffa2b00000
munmap(0xffffa2afd000, 12288)           = 0
munmap(0xffffa2caf000, 52840)           = 0
mprotect(0xffffa2c8e000, 61440, PROT_NONE) = 0
mmap(0xffffa2c9d000, 24576, PROT_READ|PROT_WRITE, MAP_PRIVATE|MAP_FIXED|MAP_DENYWRITE, 3, 0x18d000) = 0xffffa2c9d000
mmap(0xffffa2ca3000, 48744, PROT_READ|PROT_WRITE, MAP_PRIVATE|MAP_FIXED|MAP_ANONYMOUS, -1, 0) = 0xffffa2ca3000
close(3)                                = 0
set_tid_address(0xffffa2cf0f50)         = 5298
set_robust_list(0xffffa2cf0f60, 24)     = 0
rseq(0xffffa2cf1620, 0x20, 0, 0xd428bc00) = 0
mprotect(0xffffa2c9d000, 16384, PROT_READ) = 0
mprotect(0xaaaad6581000, 4096, PROT_READ) = 0
mprotect(0xffffa2cf6000, 8192, PROT_READ) = 0
prlimit64(0, RLIMIT_STACK, NULL, {rlim_cur=8192*1024, rlim_max=RLIM64_INFINITY}) = 0
munmap(0xffffa2cec000, 12988)           = 0
openat(AT_FDCWD, "/tmp/lab3_mmap", O_RDWR|O_CREAT, 0666) = 3
ftruncate(3, 72)                        = 0
mmap(NULL, 72, PROT_READ|PROT_WRITE, MAP_SHARED, 3, 0) = 0xffffa2cef000
close(3)                                = 0
newfstatat(1, "", {st_mode=S_IFCHR|0620, st_rdev=makedev(0x88, 0), ...}, AT_EMPTY_PATH) = 0
getrandom("\x38\x9c\x3b\x5d\x35\x7d\x02\x93", 8, GRND_NONBLOCK) = 8
brk(NULL)                               = 0xaaaad7740000
brk(0xaaaad7761000)                     = 0xaaaad7761000
write(1, "Please, enter the NAME of the FI"..., 36) = 36
newfstatat(0, "", {st_mode=S_IFCHR|0620, st_rdev=makedev(0x88, 0), ...}, AT_EMPTY_PATH) = 0
read(0, "out.txt\n", 1024)              = 8
clone(child_stack=NULL, flags=CLONE_CHILD_CLEARTID|CLONE_CHILD_SETTID|SIGCHLD, child_tidptr=0xffffa2cf0f50) = 5312
write(1, "Enter numbers (one per line):\n", 30) = 30
read(0, "24\n", 1024)                   = 3
futex(0xffffa2cef000, FUTEX_WAKE, 1)    = 1
futex(0xffffa2cef020, FUTEX_WAIT_BITSET|FUTEX_CLOCK_REALTIME, 0, NULL, FUTEX_BITSET_MATCH_ANY) = -1 EAGAIN (Resource temporarily unavailable)
read(0, "45\n", 1024)                   = 3
futex(0xffffa2cef000, FUTEX_WAKE, 1)    = 1
futex(0xffffa2cef020, FUTEX_WAIT_BITSET|FUTEX_CLOCK_REALTIME, 0, NULL, FUTEX_BITSET_MATCH_ANY) = -1 EAGAIN (Resource temporarily unavailable)
read(0, "12\n", 1024)                   = 3
futex(0xffffa2cef000, FUTEX_WAKE, 1)    = 1
futex(0xffffa2cef020, FUTEX_WAIT_BITSET|FUTEX_CLOCK_REALTIME, 0, NULL, FUTEX_BITSET_MATCH_ANY) = -1 EAGAIN (Resource temporarily unavailable)
read(0, "21\n", 1024)                   = 3
futex(0xffffa2cef000, FUTEX_WAKE, 1)    = 1
futex(0xffffa2cef020, FUTEX_WAIT_BITSET|FUTEX_CLOCK_REALTIME, 0, NULL, FUTEX_BITSET_MATCH_ANY) = -1 EAGAIN (Resource temporarily unavailable)
read(0, "4\n", 1024)                    = 2
futex(0xffffa2cef000, FUTEX_WAKE, 1)    = 1
futex(0xffffa2cef020, FUTEX_WAIT_BITSET|FUTEX_CLOCK_REALTIME, 0, NULL, FUTEX_BITSET_MATCH_ANY) = -1 EAGAIN (Resource temporarily unavailable)
read(0, "3\n", 1024)                    = 2
futex(0xffffa2cef000, FUTEX_WAKE, 1)    = 1
--- SIGCHLD {si_signo=SIGCHLD, si_code=CLD_EXITED, si_pid=5312, si_uid=1000, si_status=0, si_utime=0, si_stime=0} ---
wait4(-1, NULL, 0, NULL)                = 5312
munmap(0xffffa2cef000, 72)              = 0
unlinkat(AT_FDCWD, "/tmp/lab3_mmap", 0) = 0
lseek(0, -1, SEEK_CUR)                  = -1 ESPIPE (Illegal seek)
exit_group(0)                           = ?
+++ exited with 0 +++
