execve("./program2.out", ["./program2.out"], 0xffffee386b00 /* 27 vars */) = 0
brk(NULL)                               = 0xaaaae41b7000
mmap(NULL, 8192, PROT_READ|PROT_WRITE, MAP_PRIVATE|MAP_ANONYMOUS, -1, 0) = 0xffffa4215000
faccessat(AT_FDCWD, "/etc/ld.so.preload", R_OK) = -1 ENOENT (No such file or directory)
openat(AT_FDCWD, "/etc/ld.so.cache", O_RDONLY|O_CLOEXEC) = 3
newfstatat(3, "", {st_mode=S_IFREG|0644, st_size=12988, ...}, AT_EMPTY_PATH) = 0
mmap(NULL, 12988, PROT_READ, MAP_PRIVATE, 3, 0) = 0xffffa4211000
close(3)                                = 0
openat(AT_FDCWD, "/lib/aarch64-linux-gnu/libm.so.6", O_RDONLY|O_CLOEXEC) = 3
read(3, "\177ELF\2\1\1\0\0\0\0\0\0\0\0\0\3\0\267\0\1\0\0\0\0\0\0\0\0\0\0\0"..., 832) = 832
newfstatat(3, "", {st_mode=S_IFREG|0644, st_size=551064, ...}, AT_EMPTY_PATH) = 0
mmap(NULL, 680048, PROT_NONE, MAP_PRIVATE|MAP_ANONYMOUS, -1, 0) = 0xffffa413a000
mmap(0xffffa4140000, 614512, PROT_READ|PROT_EXEC, MAP_PRIVATE|MAP_FIXED|MAP_DENYWRITE, 3, 0) = 0xffffa4140000
munmap(0xffffa413a000, 24576)           = 0
munmap(0xffffa41d7000, 36976)           = 0
mprotect(0xffffa41c6000, 61440, PROT_NONE) = 0
mmap(0xffffa41d5000, 8192, PROT_READ|PROT_WRITE, MAP_PRIVATE|MAP_FIXED|MAP_DENYWRITE, 3, 0x85000) = 0xffffa41d5000
close(3)                                = 0
openat(AT_FDCWD, "/lib/aarch64-linux-gnu/libc.so.6", O_RDONLY|O_CLOEXEC) = 3
read(3, "\177ELF\2\1\1\3\0\0\0\0\0\0\0\0\3\0\267\0\1\0\0\0\360u\2\0\0\0\0\0"..., 832) = 832
newfstatat(3, "", {st_mode=S_IFREG|0755, st_size=1661968, ...}, AT_EMPTY_PATH) = 0
mmap(NULL, 1830504, PROT_NONE, MAP_PRIVATE|MAP_ANONYMOUS, -1, 0) = 0xffffa3f81000
mmap(0xffffa3f90000, 1764968, PROT_READ|PROT_EXEC, MAP_PRIVATE|MAP_FIXED|MAP_DENYWRITE, 3, 0) = 0xffffa3f90000
munmap(0xffffa3f81000, 61440)           = 0
munmap(0xffffa413f000, 3688)            = 0
mprotect(0xffffa411e000, 61440, PROT_NONE) = 0
mmap(0xffffa412d000, 24576, PROT_READ|PROT_WRITE, MAP_PRIVATE|MAP_FIXED|MAP_DENYWRITE, 3, 0x18d000) = 0xffffa412d000
mmap(0xffffa4133000, 48744, PROT_READ|PROT_WRITE, MAP_PRIVATE|MAP_FIXED|MAP_ANONYMOUS, -1, 0) = 0xffffa4133000
close(3)                                = 0
mmap(NULL, 8192, PROT_READ|PROT_WRITE, MAP_PRIVATE|MAP_ANONYMOUS, -1, 0) = 0xffffa420f000
set_tid_address(0xffffa420f0f0)         = 5945
set_robust_list(0xffffa420f100, 24)     = 0
rseq(0xffffa420f7c0, 0x20, 0, 0xd428bc00) = 0
mprotect(0xffffa412d000, 16384, PROT_READ) = 0
mprotect(0xffffa41d5000, 4096, PROT_READ) = 0
mprotect(0xaaaac4511000, 4096, PROT_READ) = 0
mprotect(0xffffa421b000, 8192, PROT_READ) = 0
prlimit64(0, RLIMIT_STACK, NULL, {rlim_cur=8192*1024, rlim_max=RLIM64_INFINITY}) = 0
munmap(0xffffa4211000, 12988)           = 0
getrandom("\x8b\xa2\xbf\xd7\xc6\x48\x47\x8e", 8, GRND_NONBLOCK) = 8
brk(NULL)                               = 0xaaaae41b7000
brk(0xaaaae41d8000)                     = 0xaaaae41d8000
openat(AT_FDCWD, "../my_libs/lib1.so", O_RDONLY|O_CLOEXEC) = 3
read(3, "\177ELF\2\1\1\0\0\0\0\0\0\0\0\0\3\0\267\0\1\0\0\0\0\0\0\0\0\0\0\0"..., 832) = 832
newfstatat(3, "", {st_mode=S_IFREG|0755, st_size=7912, ...}, AT_EMPTY_PATH) = 0
getcwd("/work/lab4_var5/programs", 128) = 25
mmap(NULL, 135216, PROT_NONE, MAP_PRIVATE|MAP_ANONYMOUS, -1, 0) = 0xffffa3f6e000
mmap(0xffffa3f70000, 69680, PROT_READ|PROT_EXEC, MAP_PRIVATE|MAP_FIXED|MAP_DENYWRITE, 3, 0) = 0xffffa3f70000
munmap(0xffffa3f6e000, 8192)            = 0
munmap(0xffffa3f82000, 53296)           = 0
mprotect(0xffffa3f71000, 61440, PROT_NONE) = 0
mmap(0xffffa3f80000, 8192, PROT_READ|PROT_WRITE, MAP_PRIVATE|MAP_FIXED|MAP_DENYWRITE, 3, 0) = 0xffffa3f80000
close(3)                                = 0
mprotect(0xffffa3f80000, 4096, PROT_READ) = 0
newfstatat(1, "", {st_mode=S_IFCHR|0620, st_rdev=makedev(0x88, 0), ...}, AT_EMPTY_PATH) = 0
write(1, "\320\227\320\260\320\263\321\200\321\203\320\266\320\265\320\275\320\260 \320\261\320\270\320\261\320\273\320\270\320\276\321"..., 50) = 50
write(1, "\320\244\321\203\320\275\320\272\321\206\320\270\321\217 SinIntegral(0, x,"..., 41) = 41
write(1, "x     \320\240\320\265\320\267\321\203\320\273\321\214\321\202\320\260\321\202       \320"..., 76) = 76
write(1, "1     0.45969769      0.45969769"..., 54) = 54
write(1, "2     1.41614684      1.41614684"..., 54) = 54
write(1, "3     1.98999250      1.98999250"..., 54) = 54
write(1, "4     1.65364362      1.65364362"..., 54) = 54
write(1, "5     0.71633781      0.71633781"..., 54) = 54
write(1, "6     0.03982971      0.03982971"..., 54) = 54
write(1, "7     0.24609775      0.24609775"..., 54) = 54
write(1, "8     1.14550003      1.14550003"..., 54) = 54
write(1, "9     1.91113026      1.91113026"..., 54) = 54
write(1, "10    1.83907153      1.83907153"..., 54) = 54
write(1, "\n", 1)                       = 1
write(1, "\320\244\321\203\320\275\320\272\321\206\320\270\321\217 E(x)\n", 20) = 20
write(1, "x     \320\240\320\265\320\267\321\203\320\273\321\214\321\202\320\260\321\202       \320"..., 76) = 76
write(1, "10    2.59374246      2.71828183"..., 54) = 54
write(1, "20    2.65329771      2.71828183"..., 54) = 54
write(1, "30    2.67431878      2.71828183"..., 54) = 54
write(1, "40    2.68506384      2.71828183"..., 54) = 54
write(1, "50    2.69158803      2.71828183"..., 54) = 54
write(1, "60    2.69597014      2.71828183"..., 54) = 54
write(1, "70    2.69911637      2.71828183"..., 54) = 54
write(1, "80    2.70148494      2.71828183"..., 54) = 54
write(1, "90    2.70333246      2.71828183"..., 54) = 54
write(1, "100   2.70481383      2.71828183"..., 54) = 54
write(1, "\n\n", 2)                     = 2
write(1, "\320\230\320\235\320\242\320\225\320\240\320\220\320\232\320\242\320\230\320\222\320\235\320\253\320\231 \320\240\320\225\320"..., 38) = 38
write(1, "\320\224\320\276\321\201\321\202\321\203\320\277\320\275\321\213\320\265 \320\272\320\276\320\274\320\260\320\275\320\264\321"..., 35) = 35
write(1, "  0       - \320\277\320\265\321\200\320\265\320\272\320\273\321\216\321\207\320\270\321\202"..., 77) = 77
write(1, "  1 A B e - \320\262\321\213\321\207\320\270\321\201\320\273\320\270\321\202\321\214 S"..., 52) = 52
write(1, "  2 x     - \320\262\321\213\321\207\320\270\321\201\320\273\320\270\321\202\321\214 E"..., 36) = 36
write(1, "  3       - \320\262\321\213\321\205\320\276\320\264\n", 23) = 23
write(1, "\n", 1)                       = 1
newfstatat(0, "", {st_mode=S_IFCHR|0620, st_rdev=makedev(0x88, 0), ...}, AT_EMPTY_PATH) = 0
write(1, "\320\222\320\262\320\265\320\264\320\270\321\202\320\265 \320\272\320\276\320\274\320\260\320\275\320\264\321\203: ", 31) = 31
read(0, "0\n", 1024)                    = 2
munmap(0xffffa3f70000, 69680)           = 0
openat(AT_FDCWD, "../my_libs/lib2.so", O_RDONLY|O_CLOEXEC) = 3
read(3, "\177ELF\2\1\1\0\0\0\0\0\0\0\0\0\3\0\267\0\1\0\0\0\0\0\0\0\0\0\0\0"..., 832) = 832
newfstatat(3, "", {st_mode=S_IFREG|0755, st_size=7872, ...}, AT_EMPTY_PATH) = 0
getcwd("/work/lab4_var5/programs", 128) = 25
mmap(NULL, 135208, PROT_NONE, MAP_PRIVATE|MAP_ANONYMOUS, -1, 0) = 0xffffa3f6e000
mmap(0xffffa3f70000, 69672, PROT_READ|PROT_EXEC, MAP_PRIVATE|MAP_FIXED|MAP_DENYWRITE, 3, 0) = 0xffffa3f70000
munmap(0xffffa3f6e000, 8192)            = 0
munmap(0xffffa3f82000, 53288)           = 0
mprotect(0xffffa3f71000, 61440, PROT_NONE) = 0
mmap(0xffffa3f80000, 8192, PROT_READ|PROT_WRITE, MAP_PRIVATE|MAP_FIXED|MAP_DENYWRITE, 3, 0) = 0xffffa3f80000
close(3)                                = 0
mprotect(0xffffa3f80000, 4096, PROT_READ) = 0
write(1, "\320\227\320\260\320\263\321\200\321\203\320\266\320\265\320\275\320\260 \320\261\320\270\320\261\320\273\320\270\320\276\321"..., 50) = 50
write(1, "\320\237\320\265\321\200\320\265\320\272\320\273\321\216\321\207\320\265\320\275\320\276 \320\275\320\260 \321\200\320\265"..., 52) = 52
write(1, "\320\222\320\262\320\265\320\264\320\270\321\202\320\265 \320\272\320\276\320\274\320\260\320\275\320\264\321\203: ", 31) = 31
read(0, "0\n", 1024)                    = 2
munmap(0xffffa3f70000, 69672)           = 0
openat(AT_FDCWD, "../my_libs/lib1.so", O_RDONLY|O_CLOEXEC) = 3
read(3, "\177ELF\2\1\1\0\0\0\0\0\0\0\0\0\3\0\267\0\1\0\0\0\0\0\0\0\0\0\0\0"..., 832) = 832
newfstatat(3, "", {st_mode=S_IFREG|0755, st_size=7912, ...}, AT_EMPTY_PATH) = 0
getcwd("/work/lab4_var5/programs", 128) = 25
mmap(NULL, 135216, PROT_NONE, MAP_PRIVATE|MAP_ANONYMOUS, -1, 0) = 0xffffa3f6e000
mmap(0xffffa3f70000, 69680, PROT_READ|PROT_EXEC, MAP_PRIVATE|MAP_FIXED|MAP_DENYWRITE, 3, 0) = 0xffffa3f70000
munmap(0xffffa3f6e000, 8192)            = 0
munmap(0xffffa3f82000, 53296)           = 0
mprotect(0xffffa3f71000, 61440, PROT_NONE) = 0
mmap(0xffffa3f80000, 8192, PROT_READ|PROT_WRITE, MAP_PRIVATE|MAP_FIXED|MAP_DENYWRITE, 3, 0) = 0xffffa3f80000
close(3)                                = 0
mprotect(0xffffa3f80000, 4096, PROT_READ) = 0
write(1, "\320\227\320\260\320\263\321\200\321\203\320\266\320\265\320\275\320\260 \320\261\320\270\320\261\320\273\320\270\320\276\321"..., 50) = 50
write(1, "\320\237\320\265\321\200\320\265\320\272\320\273\321\216\321\207\320\265\320\275\320\276 \320\275\320\260 \321\200\320\265"..., 52) = 52
write(1, "\320\222\320\262\320\265\320\264\320\270\321\202\320\265 \320\272\320\276\320\274\320\260\320\275\320\264\321\203: ", 31) = 31
read(0, "1 -29 45 0.00001\n", 1024)     = 17
write(1, "SinIntegral(-29.0000, 45.0000, 0"..., 55) = 55
write(1, "(\321\200\320\265\320\260\320\273\320\270\320\267\320\260\321\206\320\270\321\217 1)\n\n", 26) = 26
write(1, "\320\222\320\262\320\265\320\264\320\270\321\202\320\265 \320\272\320\276\320\274\320\260\320\275\320\264\321\203: ", 31) = 31
read(0, "2 0.0003\n", 1024)             = 9
write(1, "E(0.0003) = 1.0024365720\n", 25) = 25
write(1, "(\321\200\320\265\320\260\320\273\320\270\320\267\320\260\321\206\320\270\321\217 1)\n\n", 26) = 26
write(1, "\320\222\320\262\320\265\320\264\320\270\321\202\320\265 \320\272\320\276\320\274\320\260\320\275\320\264\321\203: ", 31) = 31
read(0, "0\n", 1024)                    = 2
munmap(0xffffa3f70000, 69680)           = 0
openat(AT_FDCWD, "../my_libs/lib2.so", O_RDONLY|O_CLOEXEC) = 3
read(3, "\177ELF\2\1\1\0\0\0\0\0\0\0\0\0\3\0\267\0\1\0\0\0\0\0\0\0\0\0\0\0"..., 832) = 832
newfstatat(3, "", {st_mode=S_IFREG|0755, st_size=7872, ...}, AT_EMPTY_PATH) = 0
getcwd("/work/lab4_var5/programs", 128) = 25
mmap(NULL, 135208, PROT_NONE, MAP_PRIVATE|MAP_ANONYMOUS, -1, 0) = 0xffffa3f6e000
mmap(0xffffa3f70000, 69672, PROT_READ|PROT_EXEC, MAP_PRIVATE|MAP_FIXED|MAP_DENYWRITE, 3, 0) = 0xffffa3f70000
munmap(0xffffa3f6e000, 8192)            = 0
munmap(0xffffa3f82000, 53288)           = 0
mprotect(0xffffa3f71000, 61440, PROT_NONE) = 0
mmap(0xffffa3f80000, 8192, PROT_READ|PROT_WRITE, MAP_PRIVATE|MAP_FIXED|MAP_DENYWRITE, 3, 0) = 0xffffa3f80000
close(3)                                = 0
mprotect(0xffffa3f80000, 4096, PROT_READ) = 0
write(1, "\320\227\320\260\320\263\321\200\321\203\320\266\320\265\320\275\320\260 \320\261\320\270\320\261\320\273\320\270\320\276\321"..., 50) = 50
write(1, "\320\237\320\265\321\200\320\265\320\272\320\273\321\216\321\207\320\265\320\275\320\276 \320\275\320\260 \321\200\320\265"..., 52) = 52
write(1, "\320\222\320\262\320\265\320\264\320\270\321\202\320\265 \320\272\320\276\320\274\320\260\320\275\320\264\321\203: ", 31) = 31
read(0, "2 23\n", 1024)                 = 5
write(1, "E(23.0000) = 2.7182818285\n", 26) = 26
write(1, "(\321\200\320\265\320\260\320\273\320\270\320\267\320\260\321\206\320\270\321\217 2)\n\n", 26) = 26
write(1, "\320\222\320\262\320\265\320\264\320\270\321\202\320\265 \320\272\320\276\320\274\320\260\320\275\320\264\321\203: ", 31) = 31
read(0, "3\n", 1024)                    = 2
write(1, "\320\222\321\213\321\205\320\276\320\264 \320\270\320\267 \320\277\321\200\320\276\320\263\321\200\320\260\320\274\320\274"..., 36) = 36
munmap(0xffffa3f70000, 69672)           = 0
lseek(0, -1, SEEK_CUR)                  = -1 ESPIPE (Illegal seek)
exit_group(0)                           = ?
+++ exited with 0 +++
